2017-08-06 14:11:14 - PHP Notice:  Undefined variable: entry_fax in /var/www/html/catalog/view/theme/default/template/account/register.tpl on line 83
2017-08-06 14:11:14 - PHP Notice:  Undefined variable: entry_fax in /var/www/html/catalog/view/theme/default/template/account/register.tpl on line 85
2017-08-06 14:11:14 - PHP Notice:  Undefined variable: entry_company in /var/www/html/catalog/view/theme/default/template/account/register.tpl on line 246
2017-08-06 14:11:14 - PHP Notice:  Undefined variable: entry_company in /var/www/html/catalog/view/theme/default/template/account/register.tpl on line 248
2017-08-06 14:11:14 - PHP Notice:  Undefined variable: entry_address_2 in /var/www/html/catalog/view/theme/default/template/account/register.tpl on line 262
2017-08-06 14:11:14 - PHP Notice:  Undefined variable: entry_address_2 in /var/www/html/catalog/view/theme/default/template/account/register.tpl on line 264
2017-08-06 14:11:14 - PHP Notice:  Undefined variable: entry_postcode in /var/www/html/catalog/view/theme/default/template/account/register.tpl on line 278
2017-08-06 14:11:14 - PHP Notice:  Undefined variable: entry_postcode in /var/www/html/catalog/view/theme/default/template/account/register.tpl on line 280
2017-08-06 14:14:40 - PHP Notice:  Undefined index: fax in /var/www/html/catalog/model/account/customer.php on line 14
2017-08-06 14:14:40 - PHP Notice:  Undefined index: company in /var/www/html/catalog/model/account/customer.php on line 18
2017-08-06 14:14:40 - PHP Notice:  Undefined index: address_2 in /var/www/html/catalog/model/account/customer.php on line 18
2017-08-06 14:14:40 - PHP Notice:  Undefined index: postcode in /var/www/html/catalog/model/account/customer.php on line 18
2017-08-09 11:47:25 - PHP Notice:  Undefined variable: entry_fax in /var/www/html/catalog/view/theme/default/template/account/register.tpl on line 83
2017-08-09 11:47:25 - PHP Notice:  Undefined variable: entry_fax in /var/www/html/catalog/view/theme/default/template/account/register.tpl on line 85
2017-08-09 11:47:25 - PHP Notice:  Undefined variable: entry_company in /var/www/html/catalog/view/theme/default/template/account/register.tpl on line 246
2017-08-09 11:47:25 - PHP Notice:  Undefined variable: entry_company in /var/www/html/catalog/view/theme/default/template/account/register.tpl on line 248
2017-08-09 11:47:25 - PHP Notice:  Undefined variable: entry_address_2 in /var/www/html/catalog/view/theme/default/template/account/register.tpl on line 262
2017-08-09 11:47:25 - PHP Notice:  Undefined variable: entry_address_2 in /var/www/html/catalog/view/theme/default/template/account/register.tpl on line 264
2017-08-09 11:47:25 - PHP Notice:  Undefined variable: entry_postcode in /var/www/html/catalog/view/theme/default/template/account/register.tpl on line 278
2017-08-09 11:47:25 - PHP Notice:  Undefined variable: entry_postcode in /var/www/html/catalog/view/theme/default/template/account/register.tpl on line 280
